[
  {
    "line": 1,
    "elements": [
      {
        "start_timestamp": "2021-02-01T03:22:47.711Z",
        "before": [
          {
            "result": {
              "duration": 1603000,
              "status": "passed"
            },
            "match": {
              "location": "com.UP.StepDefinetion.hooks.setUpScenario()"
            }
          },
          {
            "result": {
              "duration": 186000,
              "status": "passed"
            },
            "match": {
              "location": "com.UP.StepDefinetion.hooks.setUpDATAbaseConnection()"
            }
          }
        ],
        "line": 9,
        "name": "login with correct credential",
        "description": "",
        "id": "login-feature;login-with-correct-credential",
        "after": [
          {
            "result": {
              "duration": 136863000,
              "status": "passed"
            },
            "match": {
              "location": "com.UP.StepDefinetion.hooks.tearDown()"
            }
          }
        ],
        "type": "scenario",
        "keyword": "Scenario",
        "steps": [
          {
            "result": {
              "error_message": "org.openqa.selenium.NoSuchElementException: no such element: Unable to locate element: {\"method\":\"xpath\",\"selector\":\"//input[@id\u003d\u0027login\u0027]\"}\n  (Session info: chrome\u003d87.0.4280.88)\nFor documentation on this error, please visit: https://selenium.dev/exceptions/#no_such_element\nBuild info: version: \u00274.0.0-alpha-7\u0027, revision: \u0027de8579b6d5\u0027\nSystem info: host: \u0027paridas-MacBook-Pro.local\u0027, ip: \u0027fe80:0:0:0:82f:2fb9:32f:60b3%en0\u0027, os.name: \u0027Mac OS X\u0027, os.arch: \u0027x86_64\u0027, os.version: \u002710.15.7\u0027, java.version: \u002713.0.2\u0027\nDriver info: org.openqa.selenium.chrome.ChromeDriver\nCapabilities {acceptInsecureCerts: false, browserName: chrome, browserVersion: 87.0.4280.88, chrome: {chromedriverVersion: 87.0.4280.88 (89e2380a3e36c..., userDataDir: /var/folders/_1/h3tdbn3s75z...}, goog:chromeOptions: {debuggerAddress: localhost:62795}, javascriptEnabled: true, networkConnectionEnabled: false, pageLoadStrategy: normal, platform: MAC, platformName: MAC, proxy: Proxy(), setWindowRect: true, strictFileInteractability: false, timeouts: {implicit: 0, pageLoad: 300000, script: 30000}, unhandledPromptBehavior: dismiss and notify, webauthn:virtualAuthenticators: true}\nSession ID: 0ced4eb1533bfc4850a679f90290abc2\n*** Element info: {Using\u003dxpath, value\u003d//input[@id\u003d\u0027login\u0027]}\n\tat java.base/jdk.internal.reflect.NativeConstructorAccessorImpl.newInstance0(Native Method)\n\tat java.base/jdk.internal.reflect.NativeConstructorAccessorImpl.newInstance(NativeConstructorAccessorImpl.java:62)\n\tat java.base/jdk.internal.reflect.DelegatingConstructorAccessorImpl.newInstance(DelegatingConstructorAccessorImpl.java:45)\n\tat java.base/java.lang.reflect.Constructor.newInstanceWithCaller(Constructor.java:500)\n\tat java.base/java.lang.reflect.Constructor.newInstance(Constructor.java:481)\n\tat org.openqa.selenium.remote.codec.w3c.W3CHttpResponseCodec.createException(W3CHttpResponseCodec.java:196)\n\tat org.openqa.selenium.remote.codec.w3c.W3CHttpResponseCodec.decode(W3CHttpResponseCodec.java:129)\n\tat org.openqa.selenium.remote.codec.w3c.W3CHttpResponseCodec.decode(W3CHttpResponseCodec.java:53)\n\tat org.openqa.selenium.remote.HttpCommandExecutor.execute(HttpCommandExecutor.java:167)\n\tat org.openqa.selenium.remote.service.DriverCommandExecutor.execute(DriverCommandExecutor.java:123)\n\tat org.openqa.selenium.remote.RemoteWebDriver.execute(RemoteWebDriver.java:501)\n\tat org.openqa.selenium.remote.RemoteWebDriver.findElement(RemoteWebDriver.java:332)\n\tat org.openqa.selenium.By$ByXPath.findElement(By.java:379)\n\tat org.openqa.selenium.remote.RemoteWebDriver.findElement(RemoteWebDriver.java:312)\n\tat org.openqa.selenium.support.pagefactory.DefaultElementLocator.findElement(DefaultElementLocator.java:70)\n\tat org.openqa.selenium.support.pagefactory.internal.LocatingElementHandler.invoke(LocatingElementHandler.java:39)\n\tat com.sun.proxy.$Proxy24.sendKeys(Unknown Source)\n\tat com.UP.StepDefinetion.loginStep.user_enter_correct_credential_as_posmanager(loginStep.java:33)\n\tat ✽.user enter correct email and password as posmanager(file:///Users/paridaabubakir/IdeaProjects/PRACTICE/src/test/resources/Features/login.feature:10)\n",
              "duration": 7499734000,
              "status": "failed"
            },
            "line": 10,
            "name": "user enter correct email and password as posmanager",
            "match": {
              "location": "com.UP.StepDefinetion.loginStep.user_enter_correct_credential_as_posmanager()"
            },
            "keyword": "When "
          },
          {
            "result": {
              "duration": 310000,
              "status": "skipped"
            },
            "line": 11,
            "name": "user should see dashboard",
            "match": {
              "location": "com.UP.StepDefinetion.loginStep.user_should_see_dashboard()"
            },
            "keyword": "Then "
          }
        ],
        "tags": [
          {
            "name": "@positive"
          },
          {
            "name": "@login"
          }
        ]
      },
      {
        "start_timestamp": "2021-02-01T03:22:55.458Z",
        "before": [
          {
            "result": {
              "duration": 262000,
              "status": "passed"
            },
            "match": {
              "location": "com.UP.StepDefinetion.hooks.setUpScenario()"
            }
          },
          {
            "result": {
              "duration": 173000,
              "status": "passed"
            },
            "match": {
              "location": "com.UP.StepDefinetion.hooks.setUpDATAbaseConnection()"
            }
          }
        ],
        "line": 14,
        "name": "login with incorrect credential",
        "description": "",
        "id": "login-feature;login-with-incorrect-credential",
        "after": [
          {
            "result": {
              "duration": 130066000,
              "status": "passed"
            },
            "match": {
              "location": "com.UP.StepDefinetion.hooks.tearDown()"
            }
          }
        ],
        "type": "scenario",
        "keyword": "Scenario",
        "steps": [
          {
            "result": {
              "error_message": "org.openqa.selenium.NoSuchElementException: no such element: Unable to locate element: {\"method\":\"xpath\",\"selector\":\"//input[@id\u003d\u0027login\u0027]\"}\n  (Session info: chrome\u003d87.0.4280.88)\nFor documentation on this error, please visit: https://selenium.dev/exceptions/#no_such_element\nBuild info: version: \u00274.0.0-alpha-7\u0027, revision: \u0027de8579b6d5\u0027\nSystem info: host: \u0027paridas-MacBook-Pro.local\u0027, ip: \u0027fe80:0:0:0:82f:2fb9:32f:60b3%en0\u0027, os.name: \u0027Mac OS X\u0027, os.arch: \u0027x86_64\u0027, os.version: \u002710.15.7\u0027, java.version: \u002713.0.2\u0027\nDriver info: org.openqa.selenium.chrome.ChromeDriver\nCapabilities {acceptInsecureCerts: false, browserName: chrome, browserVersion: 87.0.4280.88, chrome: {chromedriverVersion: 87.0.4280.88 (89e2380a3e36c..., userDataDir: /var/folders/_1/h3tdbn3s75z...}, goog:chromeOptions: {debuggerAddress: localhost:62817}, javascriptEnabled: true, networkConnectionEnabled: false, pageLoadStrategy: normal, platform: MAC, platformName: MAC, proxy: Proxy(), setWindowRect: true, strictFileInteractability: false, timeouts: {implicit: 0, pageLoad: 300000, script: 30000}, unhandledPromptBehavior: dismiss and notify, webauthn:virtualAuthenticators: true}\nSession ID: 3f6fe2d0552c5bd411ea040b643d44fd\n*** Element info: {Using\u003dxpath, value\u003d//input[@id\u003d\u0027login\u0027]}\n\tat java.base/jdk.internal.reflect.NativeConstructorAccessorImpl.newInstance0(Native Method)\n\tat java.base/jdk.internal.reflect.NativeConstructorAccessorImpl.newInstance(NativeConstructorAccessorImpl.java:62)\n\tat java.base/jdk.internal.reflect.DelegatingConstructorAccessorImpl.newInstance(DelegatingConstructorAccessorImpl.java:45)\n\tat java.base/java.lang.reflect.Constructor.newInstanceWithCaller(Constructor.java:500)\n\tat java.base/java.lang.reflect.Constructor.newInstance(Constructor.java:481)\n\tat org.openqa.selenium.remote.codec.w3c.W3CHttpResponseCodec.createException(W3CHttpResponseCodec.java:196)\n\tat org.openqa.selenium.remote.codec.w3c.W3CHttpResponseCodec.decode(W3CHttpResponseCodec.java:129)\n\tat org.openqa.selenium.remote.codec.w3c.W3CHttpResponseCodec.decode(W3CHttpResponseCodec.java:53)\n\tat org.openqa.selenium.remote.HttpCommandExecutor.execute(HttpCommandExecutor.java:167)\n\tat org.openqa.selenium.remote.service.DriverCommandExecutor.execute(DriverCommandExecutor.java:123)\n\tat org.openqa.selenium.remote.RemoteWebDriver.execute(RemoteWebDriver.java:501)\n\tat org.openqa.selenium.remote.RemoteWebDriver.findElement(RemoteWebDriver.java:332)\n\tat org.openqa.selenium.By$ByXPath.findElement(By.java:379)\n\tat org.openqa.selenium.remote.RemoteWebDriver.findElement(RemoteWebDriver.java:312)\n\tat org.openqa.selenium.support.pagefactory.DefaultElementLocator.findElement(DefaultElementLocator.java:70)\n\tat org.openqa.selenium.support.pagefactory.internal.LocatingElementHandler.invoke(LocatingElementHandler.java:39)\n\tat com.sun.proxy.$Proxy24.sendKeys(Unknown Source)\n\tat com.UP.StepDefinetion.loginStep.user_enter_incorrect_credential_as_posmanager(loginStep.java:53)\n\tat ✽.user enter incorrect email and password as posmanager(file:///Users/paridaabubakir/IdeaProjects/PRACTICE/src/test/resources/Features/login.feature:15)\n",
              "duration": 1351512000,
              "status": "failed"
            },
            "line": 15,
            "name": "user enter incorrect email and password as posmanager",
            "match": {
              "location": "com.UP.StepDefinetion.loginStep.user_enter_incorrect_credential_as_posmanager()"
            },
            "keyword": "When "
          },
          {
            "result": {
              "duration": 546000,
              "status": "skipped"
            },
            "line": 16,
            "name": "user should see error message",
            "match": {
              "location": "com.UP.StepDefinetion.loginStep.user_should_see_error_message()"
            },
            "keyword": "Then "
          }
        ],
        "tags": [
          {
            "name": "@negative"
          },
          {
            "name": "@login"
          }
        ]
      },
      {
        "start_timestamp": "2021-02-01T03:22:56.977Z",
        "before": [
          {
            "result": {
              "duration": 3159000,
              "status": "passed"
            },
            "match": {
              "location": "com.UP.StepDefinetion.hooks.setUpScenario()"
            }
          },
          {
            "result": {
              "duration": 271000,
              "status": "passed"
            },
            "match": {
              "location": "com.UP.StepDefinetion.hooks.setUpDATAbaseConnection()"
            }
          }
        ],
        "line": 19,
        "name": "login with correct credential",
        "description": "",
        "id": "login-feature;login-with-correct-credential",
        "after": [
          {
            "result": {
              "duration": 135783000,
              "status": "passed"
            },
            "match": {
              "location": "com.UP.StepDefinetion.hooks.tearDown()"
            }
          }
        ],
        "type": "scenario",
        "keyword": "Scenario",
        "steps": [
          {
            "result": {
              "error_message": "org.openqa.selenium.NoSuchElementException: no such element: Unable to locate element: {\"method\":\"xpath\",\"selector\":\"//input[@id\u003d\u0027login\u0027]\"}\n  (Session info: chrome\u003d87.0.4280.88)\nFor documentation on this error, please visit: https://selenium.dev/exceptions/#no_such_element\nBuild info: version: \u00274.0.0-alpha-7\u0027, revision: \u0027de8579b6d5\u0027\nSystem info: host: \u0027paridas-MacBook-Pro.local\u0027, ip: \u0027fe80:0:0:0:82f:2fb9:32f:60b3%en0\u0027, os.name: \u0027Mac OS X\u0027, os.arch: \u0027x86_64\u0027, os.version: \u002710.15.7\u0027, java.version: \u002713.0.2\u0027\nDriver info: org.openqa.selenium.chrome.ChromeDriver\nCapabilities {acceptInsecureCerts: false, browserName: chrome, browserVersion: 87.0.4280.88, chrome: {chromedriverVersion: 87.0.4280.88 (89e2380a3e36c..., userDataDir: /var/folders/_1/h3tdbn3s75z...}, goog:chromeOptions: {debuggerAddress: localhost:62836}, javascriptEnabled: true, networkConnectionEnabled: false, pageLoadStrategy: normal, platform: MAC, platformName: MAC, proxy: Proxy(), setWindowRect: true, strictFileInteractability: false, timeouts: {implicit: 0, pageLoad: 300000, script: 30000}, unhandledPromptBehavior: dismiss and notify, webauthn:virtualAuthenticators: true}\nSession ID: 17dfc07f4a5cae7003f650bfb288812e\n*** Element info: {Using\u003dxpath, value\u003d//input[@id\u003d\u0027login\u0027]}\n\tat java.base/jdk.internal.reflect.NativeConstructorAccessorImpl.newInstance0(Native Method)\n\tat java.base/jdk.internal.reflect.NativeConstructorAccessorImpl.newInstance(NativeConstructorAccessorImpl.java:62)\n\tat java.base/jdk.internal.reflect.DelegatingConstructorAccessorImpl.newInstance(DelegatingConstructorAccessorImpl.java:45)\n\tat java.base/java.lang.reflect.Constructor.newInstanceWithCaller(Constructor.java:500)\n\tat java.base/java.lang.reflect.Constructor.newInstance(Constructor.java:481)\n\tat org.openqa.selenium.remote.codec.w3c.W3CHttpResponseCodec.createException(W3CHttpResponseCodec.java:196)\n\tat org.openqa.selenium.remote.codec.w3c.W3CHttpResponseCodec.decode(W3CHttpResponseCodec.java:129)\n\tat org.openqa.selenium.remote.codec.w3c.W3CHttpResponseCodec.decode(W3CHttpResponseCodec.java:53)\n\tat org.openqa.selenium.remote.HttpCommandExecutor.execute(HttpCommandExecutor.java:167)\n\tat org.openqa.selenium.remote.service.DriverCommandExecutor.execute(DriverCommandExecutor.java:123)\n\tat org.openqa.selenium.remote.RemoteWebDriver.execute(RemoteWebDriver.java:501)\n\tat org.openqa.selenium.remote.RemoteWebDriver.findElement(RemoteWebDriver.java:332)\n\tat org.openqa.selenium.By$ByXPath.findElement(By.java:379)\n\tat org.openqa.selenium.remote.RemoteWebDriver.findElement(RemoteWebDriver.java:312)\n\tat org.openqa.selenium.support.pagefactory.DefaultElementLocator.findElement(DefaultElementLocator.java:70)\n\tat org.openqa.selenium.support.pagefactory.internal.LocatingElementHandler.invoke(LocatingElementHandler.java:39)\n\tat com.sun.proxy.$Proxy24.sendKeys(Unknown Source)\n\tat com.UP.StepDefinetion.loginStep.userEnterCorrectEmailAndPasswordAsEventmanager(loginStep.java:73)\n\tat ✽.user enter correct email and password as eventmanager(file:///Users/paridaabubakir/IdeaProjects/PRACTICE/src/test/resources/Features/login.feature:20)\n",
              "duration": 1266734000,
              "status": "failed"
            },
            "line": 20,
            "name": "user enter correct email and password as eventmanager",
            "match": {
              "location": "com.UP.StepDefinetion.loginStep.userEnterCorrectEmailAndPasswordAsEventmanager()"
            },
            "keyword": "When "
          },
          {
            "result": {
              "duration": 802000,
              "status": "skipped"
            },
            "line": 21,
            "name": "eventmanager should see dashboard",
            "match": {
              "location": "com.UP.StepDefinetion.loginStep.eventmanagerShouldSeeDashboard()"
            },
            "keyword": "Then "
          }
        ],
        "tags": [
          {
            "name": "@positive"
          },
          {
            "name": "@login"
          }
        ]
      },
      {
        "start_timestamp": "2021-02-01T03:22:58.404Z",
        "before": [
          {
            "result": {
              "duration": 842000,
              "status": "passed"
            },
            "match": {
              "location": "com.UP.StepDefinetion.hooks.setUpScenario()"
            }
          },
          {
            "result": {
              "duration": 271000,
              "status": "passed"
            },
            "match": {
              "location": "com.UP.StepDefinetion.hooks.setUpDATAbaseConnection()"
            }
          }
        ],
        "line": 24,
        "name": "login with incorrect credential",
        "description": "",
        "id": "login-feature;login-with-incorrect-credential",
        "after": [
          {
            "result": {
              "duration": 130192000,
              "status": "passed"
            },
            "match": {
              "location": "com.UP.StepDefinetion.hooks.tearDown()"
            }
          }
        ],
        "type": "scenario",
        "keyword": "Scenario",
        "steps": [
          {
            "result": {
              "error_message": "org.openqa.selenium.NoSuchElementException: no such element: Unable to locate element: {\"method\":\"xpath\",\"selector\":\"//input[@id\u003d\u0027login\u0027]\"}\n  (Session info: chrome\u003d87.0.4280.88)\nFor documentation on this error, please visit: https://selenium.dev/exceptions/#no_such_element\nBuild info: version: \u00274.0.0-alpha-7\u0027, revision: \u0027de8579b6d5\u0027\nSystem info: host: \u0027paridas-MacBook-Pro.local\u0027, ip: \u0027fe80:0:0:0:82f:2fb9:32f:60b3%en0\u0027, os.name: \u0027Mac OS X\u0027, os.arch: \u0027x86_64\u0027, os.version: \u002710.15.7\u0027, java.version: \u002713.0.2\u0027\nDriver info: org.openqa.selenium.chrome.ChromeDriver\nCapabilities {acceptInsecureCerts: false, browserName: chrome, browserVersion: 87.0.4280.88, chrome: {chromedriverVersion: 87.0.4280.88 (89e2380a3e36c..., userDataDir: /var/folders/_1/h3tdbn3s75z...}, goog:chromeOptions: {debuggerAddress: localhost:62854}, javascriptEnabled: true, networkConnectionEnabled: false, pageLoadStrategy: normal, platform: MAC, platformName: MAC, proxy: Proxy(), setWindowRect: true, strictFileInteractability: false, timeouts: {implicit: 0, pageLoad: 300000, script: 30000}, unhandledPromptBehavior: dismiss and notify, webauthn:virtualAuthenticators: true}\nSession ID: cb20143dcce54691afc81f1bd485a311\n*** Element info: {Using\u003dxpath, value\u003d//input[@id\u003d\u0027login\u0027]}\n\tat java.base/jdk.internal.reflect.NativeConstructorAccessorImpl.newInstance0(Native Method)\n\tat java.base/jdk.internal.reflect.NativeConstructorAccessorImpl.newInstance(NativeConstructorAccessorImpl.java:62)\n\tat java.base/jdk.internal.reflect.DelegatingConstructorAccessorImpl.newInstance(DelegatingConstructorAccessorImpl.java:45)\n\tat java.base/java.lang.reflect.Constructor.newInstanceWithCaller(Constructor.java:500)\n\tat java.base/java.lang.reflect.Constructor.newInstance(Constructor.java:481)\n\tat org.openqa.selenium.remote.codec.w3c.W3CHttpResponseCodec.createException(W3CHttpResponseCodec.java:196)\n\tat org.openqa.selenium.remote.codec.w3c.W3CHttpResponseCodec.decode(W3CHttpResponseCodec.java:129)\n\tat org.openqa.selenium.remote.codec.w3c.W3CHttpResponseCodec.decode(W3CHttpResponseCodec.java:53)\n\tat org.openqa.selenium.remote.HttpCommandExecutor.execute(HttpCommandExecutor.java:167)\n\tat org.openqa.selenium.remote.service.DriverCommandExecutor.execute(DriverCommandExecutor.java:123)\n\tat org.openqa.selenium.remote.RemoteWebDriver.execute(RemoteWebDriver.java:501)\n\tat org.openqa.selenium.remote.RemoteWebDriver.findElement(RemoteWebDriver.java:332)\n\tat org.openqa.selenium.By$ByXPath.findElement(By.java:379)\n\tat org.openqa.selenium.remote.RemoteWebDriver.findElement(RemoteWebDriver.java:312)\n\tat org.openqa.selenium.support.pagefactory.DefaultElementLocator.findElement(DefaultElementLocator.java:70)\n\tat org.openqa.selenium.support.pagefactory.internal.LocatingElementHandler.invoke(LocatingElementHandler.java:39)\n\tat com.sun.proxy.$Proxy24.sendKeys(Unknown Source)\n\tat com.UP.StepDefinetion.loginStep.userEnterIncorrectEmailAndPasswordAseventmanager(loginStep.java:82)\n\tat ✽.user enter incorrect email and password aseventmanager(file:///Users/paridaabubakir/IdeaProjects/PRACTICE/src/test/resources/Features/login.feature:25)\n",
              "duration": 1086693000,
              "status": "failed"
            },
            "line": 25,
            "name": "user enter incorrect email and password aseventmanager",
            "match": {
              "location": "com.UP.StepDefinetion.loginStep.userEnterIncorrectEmailAndPasswordAseventmanager()"
            },
            "keyword": "When "
          },
          {
            "result": {
              "duration": 180000,
              "status": "skipped"
            },
            "line": 26,
            "name": "eventmanager should see error message",
            "match": {
              "location": "com.UP.StepDefinetion.loginStep.eventmanagerShouldSeeErrorMessage()"
            },
            "keyword": "Then "
          }
        ],
        "tags": [
          {
            "name": "@negative"
          },
          {
            "name": "@login"
          }
        ]
      },
      {
        "start_timestamp": "2021-02-01T03:22:59.645Z",
        "before": [
          {
            "result": {
              "duration": 195000,
              "status": "passed"
            },
            "match": {
              "location": "com.UP.StepDefinetion.hooks.setUpScenario()"
            }
          },
          {
            "result": {
              "duration": 1294000,
              "status": "passed"
            },
            "match": {
              "location": "com.UP.StepDefinetion.hooks.setUpDATAbaseConnection()"
            }
          }
        ],
        "line": 30,
        "name": "login with correct credential",
        "description": "",
        "id": "login-feature;login-with-correct-credential",
        "after": [
          {
            "result": {
              "duration": 126167000,
              "status": "passed"
            },
            "match": {
              "location": "com.UP.StepDefinetion.hooks.tearDown()"
            }
          }
        ],
        "type": "scenario",
        "keyword": "Scenario",
        "steps": [
          {
            "result": {
              "error_message": "org.openqa.selenium.NoSuchElementException: no such element: Unable to locate element: {\"method\":\"xpath\",\"selector\":\"//input[@id\u003d\u0027login\u0027]\"}\n  (Session info: chrome\u003d87.0.4280.88)\nFor documentation on this error, please visit: https://selenium.dev/exceptions/#no_such_element\nBuild info: version: \u00274.0.0-alpha-7\u0027, revision: \u0027de8579b6d5\u0027\nSystem info: host: \u0027paridas-MacBook-Pro.local\u0027, ip: \u0027fe80:0:0:0:82f:2fb9:32f:60b3%en0\u0027, os.name: \u0027Mac OS X\u0027, os.arch: \u0027x86_64\u0027, os.version: \u002710.15.7\u0027, java.version: \u002713.0.2\u0027\nDriver info: org.openqa.selenium.chrome.ChromeDriver\nCapabilities {acceptInsecureCerts: false, browserName: chrome, browserVersion: 87.0.4280.88, chrome: {chromedriverVersion: 87.0.4280.88 (89e2380a3e36c..., userDataDir: /var/folders/_1/h3tdbn3s75z...}, goog:chromeOptions: {debuggerAddress: localhost:62875}, javascriptEnabled: true, networkConnectionEnabled: false, pageLoadStrategy: normal, platform: MAC, platformName: MAC, proxy: Proxy(), setWindowRect: true, strictFileInteractability: false, timeouts: {implicit: 0, pageLoad: 300000, script: 30000}, unhandledPromptBehavior: dismiss and notify, webauthn:virtualAuthenticators: true}\nSession ID: bdb5b3fe70c4b1397855114041b08602\n*** Element info: {Using\u003dxpath, value\u003d//input[@id\u003d\u0027login\u0027]}\n\tat java.base/jdk.internal.reflect.NativeConstructorAccessorImpl.newInstance0(Native Method)\n\tat java.base/jdk.internal.reflect.NativeConstructorAccessorImpl.newInstance(NativeConstructorAccessorImpl.java:62)\n\tat java.base/jdk.internal.reflect.DelegatingConstructorAccessorImpl.newInstance(DelegatingConstructorAccessorImpl.java:45)\n\tat java.base/java.lang.reflect.Constructor.newInstanceWithCaller(Constructor.java:500)\n\tat java.base/java.lang.reflect.Constructor.newInstance(Constructor.java:481)\n\tat org.openqa.selenium.remote.codec.w3c.W3CHttpResponseCodec.createException(W3CHttpResponseCodec.java:196)\n\tat org.openqa.selenium.remote.codec.w3c.W3CHttpResponseCodec.decode(W3CHttpResponseCodec.java:129)\n\tat org.openqa.selenium.remote.codec.w3c.W3CHttpResponseCodec.decode(W3CHttpResponseCodec.java:53)\n\tat org.openqa.selenium.remote.HttpCommandExecutor.execute(HttpCommandExecutor.java:167)\n\tat org.openqa.selenium.remote.service.DriverCommandExecutor.execute(DriverCommandExecutor.java:123)\n\tat org.openqa.selenium.remote.RemoteWebDriver.execute(RemoteWebDriver.java:501)\n\tat org.openqa.selenium.remote.RemoteWebDriver.findElement(RemoteWebDriver.java:332)\n\tat org.openqa.selenium.By$ByXPath.findElement(By.java:379)\n\tat org.openqa.selenium.remote.RemoteWebDriver.findElement(RemoteWebDriver.java:312)\n\tat org.openqa.selenium.support.pagefactory.DefaultElementLocator.findElement(DefaultElementLocator.java:70)\n\tat org.openqa.selenium.support.pagefactory.internal.LocatingElementHandler.invoke(LocatingElementHandler.java:39)\n\tat com.sun.proxy.$Proxy24.sendKeys(Unknown Source)\n\tat com.UP.StepDefinetion.loginStep.userEnterCorrectEmailAndPasswordAsSalesmanager(loginStep.java:98)\n\tat ✽.user enter correct email and password as salesmanager(file:///Users/paridaabubakir/IdeaProjects/PRACTICE/src/test/resources/Features/login.feature:31)\n",
              "duration": 1138244000,
              "status": "failed"
            },
            "line": 31,
            "name": "user enter correct email and password as salesmanager",
            "match": {
              "location": "com.UP.StepDefinetion.loginStep.userEnterCorrectEmailAndPasswordAsSalesmanager()"
            },
            "keyword": "When "
          },
          {
            "result": {
              "duration": 178000,
              "status": "skipped"
            },
            "line": 32,
            "name": "salesmanager should see dashboard",
            "match": {
              "location": "com.UP.StepDefinetion.loginStep.salesmanagerShouldSeeDashboard()"
            },
            "keyword": "Then "
          }
        ],
        "tags": [
          {
            "name": "@positive"
          },
          {
            "name": "@login"
          }
        ]
      },
      {
        "start_timestamp": "2021-02-01T03:23:00.929Z",
        "before": [
          {
            "result": {
              "duration": 123000,
              "status": "passed"
            },
            "match": {
              "location": "com.UP.StepDefinetion.hooks.setUpScenario()"
            }
          },
          {
            "result": {
              "duration": 140000,
              "status": "passed"
            },
            "match": {
              "location": "com.UP.StepDefinetion.hooks.setUpDATAbaseConnection()"
            }
          }
        ],
        "line": 35,
        "name": "login with incorrect credential",
        "description": "",
        "id": "login-feature;login-with-incorrect-credential",
        "after": [
          {
            "result": {
              "duration": 126285000,
              "status": "passed"
            },
            "match": {
              "location": "com.UP.StepDefinetion.hooks.tearDown()"
            }
          }
        ],
        "type": "scenario",
        "keyword": "Scenario",
        "steps": [
          {
            "result": {
              "error_message": "org.openqa.selenium.NoSuchElementException: no such element: Unable to locate element: {\"method\":\"xpath\",\"selector\":\"//input[@id\u003d\u0027login\u0027]\"}\n  (Session info: chrome\u003d87.0.4280.88)\nFor documentation on this error, please visit: https://selenium.dev/exceptions/#no_such_element\nBuild info: version: \u00274.0.0-alpha-7\u0027, revision: \u0027de8579b6d5\u0027\nSystem info: host: \u0027paridas-MacBook-Pro.local\u0027, ip: \u0027fe80:0:0:0:82f:2fb9:32f:60b3%en0\u0027, os.name: \u0027Mac OS X\u0027, os.arch: \u0027x86_64\u0027, os.version: \u002710.15.7\u0027, java.version: \u002713.0.2\u0027\nDriver info: org.openqa.selenium.chrome.ChromeDriver\nCapabilities {acceptInsecureCerts: false, browserName: chrome, browserVersion: 87.0.4280.88, chrome: {chromedriverVersion: 87.0.4280.88 (89e2380a3e36c..., userDataDir: /var/folders/_1/h3tdbn3s75z...}, goog:chromeOptions: {debuggerAddress: localhost:62892}, javascriptEnabled: true, networkConnectionEnabled: false, pageLoadStrategy: normal, platform: MAC, platformName: MAC, proxy: Proxy(), setWindowRect: true, strictFileInteractability: false, timeouts: {implicit: 0, pageLoad: 300000, script: 30000}, unhandledPromptBehavior: dismiss and notify, webauthn:virtualAuthenticators: true}\nSession ID: b81c71ddceb7fb2a08fd851b30611030\n*** Element info: {Using\u003dxpath, value\u003d//input[@id\u003d\u0027login\u0027]}\n\tat java.base/jdk.internal.reflect.NativeConstructorAccessorImpl.newInstance0(Native Method)\n\tat java.base/jdk.internal.reflect.NativeConstructorAccessorImpl.newInstance(NativeConstructorAccessorImpl.java:62)\n\tat java.base/jdk.internal.reflect.DelegatingConstructorAccessorImpl.newInstance(DelegatingConstructorAccessorImpl.java:45)\n\tat java.base/java.lang.reflect.Constructor.newInstanceWithCaller(Constructor.java:500)\n\tat java.base/java.lang.reflect.Constructor.newInstance(Constructor.java:481)\n\tat org.openqa.selenium.remote.codec.w3c.W3CHttpResponseCodec.createException(W3CHttpResponseCodec.java:196)\n\tat org.openqa.selenium.remote.codec.w3c.W3CHttpResponseCodec.decode(W3CHttpResponseCodec.java:129)\n\tat org.openqa.selenium.remote.codec.w3c.W3CHttpResponseCodec.decode(W3CHttpResponseCodec.java:53)\n\tat org.openqa.selenium.remote.HttpCommandExecutor.execute(HttpCommandExecutor.java:167)\n\tat org.openqa.selenium.remote.service.DriverCommandExecutor.execute(DriverCommandExecutor.java:123)\n\tat org.openqa.selenium.remote.RemoteWebDriver.execute(RemoteWebDriver.java:501)\n\tat org.openqa.selenium.remote.RemoteWebDriver.findElement(RemoteWebDriver.java:332)\n\tat org.openqa.selenium.By$ByXPath.findElement(By.java:379)\n\tat org.openqa.selenium.remote.RemoteWebDriver.findElement(RemoteWebDriver.java:312)\n\tat org.openqa.selenium.support.pagefactory.DefaultElementLocator.findElement(DefaultElementLocator.java:70)\n\tat org.openqa.selenium.support.pagefactory.internal.LocatingElementHandler.invoke(LocatingElementHandler.java:39)\n\tat com.sun.proxy.$Proxy24.sendKeys(Unknown Source)\n\tat com.UP.StepDefinetion.loginStep.userEnterIncorrectEmailAndPasswordSalesmanager(loginStep.java:107)\n\tat ✽.user enter incorrect email and password salesmanager(file:///Users/paridaabubakir/IdeaProjects/PRACTICE/src/test/resources/Features/login.feature:36)\n",
              "duration": 1184548000,
              "status": "failed"
            },
            "line": 36,
            "name": "user enter incorrect email and password salesmanager",
            "match": {
              "location": "com.UP.StepDefinetion.loginStep.userEnterIncorrectEmailAndPasswordSalesmanager()"
            },
            "keyword": "When "
          },
          {
            "result": {
              "duration": 156000,
              "status": "skipped"
            },
            "line": 37,
            "name": "salesmanager should see error message",
            "match": {
              "location": "com.UP.StepDefinetion.loginStep.salesmanagerShouldSeeErrorMessage()"
            },
            "keyword": "Then "
          }
        ],
        "tags": [
          {
            "name": "@negative"
          },
          {
            "name": "@login"
          }
        ]
      }
    ],
    "name": "Login feature",
    "description": "  As a user I should able to login different accounts with\n  correct credential, and dashboard displayed.\n\n  Background  user on login page\n    Given user on login page",
    "id": "login-feature",
    "keyword": "Feature",
    "uri": "file:src/test/resources/Features/login.feature",
    "tags": []
  }
]